<?xml version="1.0" encoding="UTF-8"?>
<coverage generated="1784887525360" clover="3.2.0">
  <project timestamp="1784887525360" name="All files">
    <metrics statements="104" coveredstatements="102" conditionals="126" coveredconditionals="87" methods="26" coveredmethods="22" elements="256" coveredelements="211" complexity="0" loc="104" ncloc="104" packages="10" files="13" classes="13"/>
    <package name="src">
      <metrics statements="10" coveredstatements="10" conditionals="15" coveredconditionals="7" methods="1" coveredmethods="1"/>
      <file name="GifsApp.tsx" path="/Users/joelbello/learn/react/03-gifs-app/src/GifsApp.tsx">
        <metrics statements="10" coveredstatements="10" conditionals="15" coveredconditionals="7" methods="1" coveredmethods="1"/>
        <line num="8" count="1" type="stmt"/>
        <line num="9" count="1" type="cond" truecount="1" falsecount="1"/>
        <line num="11" count="1" type="stmt"/>
        <line num="12" count="1" type="stmt"/>
        <line num="15" count="1" type="cond" truecount="1" falsecount="1"/>
        <line num="17" count="1" type="cond" truecount="2" falsecount="2"/>
        <line num="19" count="1" type="stmt"/>
        <line num="22" count="1" type="cond" truecount="1" falsecount="1"/>
        <line num="24" count="1" type="cond" truecount="2" falsecount="3"/>
        <line num="25" count="1" type="stmt"/>
      </file>
    </package>
    <package name="src.counter.components">
      <metrics statements="11" coveredstatements="11" conditionals="21" coveredconditionals="18" methods="1" coveredmethods="1"/>
      <file name="MyCounterApp.tsx" path="/Users/joelbello/learn/react/03-gifs-app/src/counter/components/MyCounterApp.tsx">
        <metrics statements="11" coveredstatements="11" conditionals="21" coveredconditionals="18" methods="1" coveredmethods="1"/>
        <line num="3" count="10" type="stmt"/>
        <line num="9" count="10" type="cond" truecount="2" falsecount="0"/>
        <line num="11" count="10" type="stmt"/>
        <line num="12" count="10" type="cond" truecount="1" falsecount="1"/>
        <line num="14" count="10" type="cond" truecount="2" falsecount="0"/>
        <line num="15" count="10" type="cond" truecount="2" falsecount="0"/>
        <line num="16" count="10" type="cond" truecount="2" falsecount="0"/>
        <line num="17" count="10" type="cond" truecount="2" falsecount="0"/>
        <line num="18" count="10" type="cond" truecount="5" falsecount="0"/>
        <line num="19" count="10" type="cond" truecount="2" falsecount="2"/>
        <line num="20" count="10" type="stmt"/>
      </file>
    </package>
    <package name="src.counter.hooks">
      <metrics statements="13" coveredstatements="13" conditionals="12" coveredconditionals="9" methods="5" coveredmethods="5"/>
      <file name="useCounter.tsx" path="/Users/joelbello/learn/react/03-gifs-app/src/counter/hooks/useCounter.tsx">
        <metrics statements="13" coveredstatements="13" conditionals="12" coveredconditionals="9" methods="5" coveredmethods="5"/>
        <line num="3" count="17" type="cond" truecount="1" falsecount="1"/>
        <line num="4" count="17" type="cond" truecount="2" falsecount="0"/>
        <line num="6" count="17" type="stmt"/>
        <line num="7" count="4" type="stmt"/>
        <line num="8" count="17" type="cond" truecount="2" falsecount="0"/>
        <line num="10" count="17" type="stmt"/>
        <line num="11" count="2" type="stmt"/>
        <line num="12" count="17" type="cond" truecount="2" falsecount="0"/>
        <line num="14" count="17" type="stmt"/>
        <line num="15" count="2" type="stmt"/>
        <line num="16" count="17" type="cond" truecount="2" falsecount="2"/>
        <line num="18" count="17" type="stmt"/>
        <line num="25" count="17" type="stmt"/>
      </file>
    </package>
    <package name="src.gifs.actions">
      <metrics statements="7" coveredstatements="7" conditionals="2" coveredconditionals="2" methods="2" coveredmethods="2"/>
      <file name="get-gifs-by-query.action.ts" path="/Users/joelbello/learn/react/03-gifs-app/src/gifs/actions/get-gifs-by-query.action.ts">
        <metrics statements="7" coveredstatements="7" conditionals="2" coveredconditionals="2" methods="2" coveredmethods="2"/>
        <line num="6" count="3" type="stmt"/>
        <line num="7" count="6" type="cond" truecount="2" falsecount="0"/>
        <line num="9" count="5" type="stmt"/>
        <line num="10" count="5" type="stmt"/>
        <line num="17" count="40" type="stmt"/>
        <line num="25" count="1" type="stmt"/>
        <line num="26" count="1" type="stmt"/>
      </file>
      <file name="gif.interface.ts" path="/Users/joelbello/learn/react/03-gifs-app/src/gifs/actions/gif.interface.ts">
        <metrics statements="0" coveredstatements="0" conditionals="0" coveredconditionals="0" methods="0" coveredmethods="0"/>
      </file>
    </package>
    <package name="src.gifs.api">
      <metrics statements="1" coveredstatements="1" conditionals="0" coveredconditionals="0" methods="0" coveredmethods="0"/>
      <file name="giphy.api.ts" path="/Users/joelbello/learn/react/03-gifs-app/src/gifs/api/giphy.api.ts">
        <metrics statements="1" coveredstatements="1" conditionals="0" coveredconditionals="0" methods="0" coveredmethods="0"/>
        <line num="3" count="4" type="stmt"/>
      </file>
    </package>
    <package name="src.gifs.components">
      <metrics statements="12" coveredstatements="11" conditionals="14" coveredconditionals="7" methods="5" coveredmethods="2"/>
      <file name="GifList.tsx" path="/Users/joelbello/learn/react/03-gifs-app/src/gifs/components/GifList.tsx">
        <metrics statements="5" coveredstatements="5" conditionals="4" coveredconditionals="2" methods="2" coveredmethods="1"/>
        <line num="8" count="1" type="cond" truecount="1" falsecount="1"/>
        <line num="10" count="1" type="stmt"/>
        <line num="11" count="1" type="stmt"/>
        <line num="19" count="1" type="cond" truecount="1" falsecount="1"/>
        <line num="20" count="1" type="stmt"/>
      </file>
      <file name="PreviousSearches.tsx" path="/Users/joelbello/learn/react/03-gifs-app/src/gifs/components/PreviousSearches.tsx">
        <metrics statements="7" coveredstatements="6" conditionals="10" coveredconditionals="5" methods="3" coveredmethods="1"/>
        <line num="8" count="1" type="cond" truecount="1" falsecount="1"/>
        <line num="10" count="1" type="stmt"/>
        <line num="11" count="1" type="cond" truecount="3" falsecount="3"/>
        <line num="13" count="1" type="stmt"/>
        <line num="14" count="0" type="stmt"/>
        <line num="17" count="1" type="cond" truecount="1" falsecount="1"/>
        <line num="19" count="1" type="stmt"/>
      </file>
    </package>
    <package name="src.gifs.hooks">
      <metrics statements="22" coveredstatements="22" conditionals="23" coveredconditionals="20" methods="3" coveredmethods="3"/>
      <file name="useGifs.tsx" path="/Users/joelbello/learn/react/03-gifs-app/src/gifs/hooks/useGifs.tsx">
        <metrics statements="22" coveredstatements="22" conditionals="23" coveredconditionals="20" methods="3" coveredmethods="3"/>
        <line num="8" count="19" type="cond" truecount="2" falsecount="0"/>
        <line num="9" count="19" type="cond" truecount="2" falsecount="0"/>
        <line num="10" count="19" type="cond" truecount="2" falsecount="0"/>
        <line num="12" count="19" type="cond" truecount="2" falsecount="0"/>
        <line num="14" count="19" type="cond" truecount="1" falsecount="1"/>
        <line num="15" count="10" type="stmt"/>
        <line num="16" count="10" type="cond" truecount="1" falsecount="1"/>
        <line num="18" count="10" type="cond" truecount="1" falsecount="1"/>
        <line num="19" count="10" type="stmt"/>
        <line num="22" count="10" type="stmt"/>
        <line num="23" count="10" type="stmt"/>
        <line num="25" count="10" type="stmt"/>
        <line num="26" count="19" type="cond" truecount="2" falsecount="0"/>
        <line num="28" count="19" type="stmt"/>
        <line num="29" count="3" type="cond" truecount="2" falsecount="0"/>
        <line num="30" count="1" type="stmt"/>
        <line num="34" count="2" type="stmt"/>
        <line num="35" count="2" type="stmt"/>
        <line num="36" count="2" type="stmt"/>
        <line num="37" count="19" type="cond" truecount="5" falsecount="0"/>
        <line num="38" count="18" type="stmt"/>
        <line num="46" count="19" type="stmt"/>
      </file>
    </package>
    <package name="src.gifs.intefaces">
      <metrics statements="0" coveredstatements="0" conditionals="0" coveredconditionals="0" methods="0" coveredmethods="0"/>
      <file name="giphy.response.ts" path="/Users/joelbello/learn/react/03-gifs-app/src/gifs/intefaces/giphy.response.ts">
        <metrics statements="0" coveredstatements="0" conditionals="0" coveredconditionals="0" methods="0" coveredmethods="0"/>
      </file>
    </package>
    <package name="src.shared.components">
      <metrics statements="27" coveredstatements="26" conditionals="39" coveredconditionals="24" methods="9" coveredmethods="8"/>
      <file name="CustomHeader.tsx" path="/Users/joelbello/learn/react/03-gifs-app/src/shared/components/CustomHeader.tsx">
        <metrics statements="5" coveredstatements="5" conditionals="10" coveredconditionals="6" methods="1" coveredmethods="1"/>
        <line num="6" count="4" type="cond" truecount="1" falsecount="1"/>
        <line num="8" count="4" type="stmt"/>
        <line num="9" count="4" type="cond" truecount="1" falsecount="1"/>
        <line num="10" count="4" type="cond" truecount="4" falsecount="2"/>
        <line num="11" count="4" type="stmt"/>
      </file>
      <file name="SearchBar.tsx" path="/Users/joelbello/learn/react/03-gifs-app/src/shared/components/SearchBar.tsx">
        <metrics statements="22" coveredstatements="21" conditionals="29" coveredconditionals="18" methods="8" coveredmethods="7"/>
        <line num="8" count="13" type="cond" truecount="2" falsecount="0"/>
        <line num="9" count="13" type="cond" truecount="3" falsecount="1"/>
        <line num="11" count="13" type="stmt"/>
        <line num="12" count="13" type="cond" truecount="2" falsecount="0"/>
        <line num="14" count="6" type="stmt"/>
        <line num="15" count="2" type="stmt"/>
        <line num="16" count="6" type="stmt"/>
        <line num="18" count="6" type="stmt"/>
        <line num="19" count="13" type="cond" truecount="3" falsecount="1"/>
        <line num="21" count="13" type="stmt"/>
        <line num="22" count="1" type="stmt"/>
        <line num="23" count="1" type="stmt"/>
        <line num="24" count="13" type="cond" truecount="1" falsecount="1"/>
        <line num="26" count="13" type="stmt"/>
        <line num="27" count="0" type="cond" truecount="0" falsecount="2"/>
        <line num="28" count="13" type="cond" truecount="2" falsecount="0"/>
        <line num="31" count="13" type="stmt"/>
        <line num="32" count="13" type="stmt"/>
        <line num="36" count="13" type="cond" truecount="2" falsecount="3"/>
        <line num="38" count="13" type="cond" truecount="1" falsecount="1"/>
        <line num="39" count="13" type="cond" truecount="2" falsecount="2"/>
        <line num="40" count="13" type="stmt"/>
      </file>
    </package>
    <package name="tests.mocks">
      <metrics statements="1" coveredstatements="1" conditionals="0" coveredconditionals="0" methods="0" coveredmethods="0"/>
      <file name="giphy.response.data.ts" path="/Users/joelbello/learn/react/03-gifs-app/tests/mocks/giphy.response.data.ts">
        <metrics statements="1" coveredstatements="1" conditionals="0" coveredconditionals="0" methods="0" coveredmethods="0"/>
        <line num="1" count="1" type="stmt"/>
      </file>
    </package>
  </project>
</coverage>
