{"/Users/joelbello/learn/react/03-gifs-app/src/GifsApp.tsx": {"path":"/Users/joelbello/learn/react/03-gifs-app/src/GifsApp.tsx","statementMap":{"0":{"start":{"line":8,"column":13},"end":{"line":25,"column":null}},"1":{"start":{"line":8,"column":23},"end":{"line":8,"column":null}},"2":{"start":{"line":9,"column":67},"end":{"line":9,"column":75}},"3":{"start":{"line":9,"column":77},"end":{"line":15,"column":null}},"4":{"start":{"line":12,"column":6},"end":{"line":14,"column":null}},"5":{"start":{"line":15,"column":8},"end":{"line":15,"column":null}},"6":{"start":{"line":15,"column":8},"end":{"line":17,"column":null}},"7":{"start":{"line":17,"column":6},"end":{"line":17,"column":68}},"8":{"start":{"line":17,"column":68},"end":{"line":17,"column":null}},"9":{"start":{"line":17,"column":68},"end":{"line":22,"column":null}},"10":{"start":{"line":19,"column":6},"end":{"line":21,"column":null}},"11":{"start":{"line":22,"column":8},"end":{"line":22,"column":null}},"12":{"start":{"line":22,"column":8},"end":{"line":24,"column":null}},"13":{"start":{"line":24,"column":6},"end":{"line":24,"column":29}},"14":{"start":{"line":24,"column":29},"end":{"line":24,"column":null}},"15":{"start":{"line":24,"column":29},"end":{"line":25,"column":null}},"16":{"start":{"line":11,"column":4},"end":{"line":24,"column":null}},"17":{"start":{"line":25,"column":7},"end":{"line":25,"column":null}},"18":{"start":{"line":25,"column":7},"end":{"line":11,"column":null}}},"fnMap":{"0":{"name":"(anonymous_0)","decl":{"start":{"line":8,"column":13},"end":{"line":8,"column":23}},"loc":{"start":{"line":8,"column":23},"end":{"line":25,"column":null}},"line":8}},"branchMap":{"0":{"loc":{"start":{"line":9,"column":77},"end":{"line":15,"column":null}},"type":"if","locations":[{"start":{"line":9,"column":77},"end":{"line":15,"column":null}},{"start":{"line":15,"column":8},"end":{"line":15,"column":null}}],"line":9},"1":{"loc":{"start":{"line":15,"column":8},"end":{"line":17,"column":null}},"type":"if","locations":[{"start":{"line":15,"column":8},"end":{"line":17,"column":null}},{"start":{"line":17,"column":68},"end":{"line":17,"column":null}}],"line":15},"2":{"loc":{"start":{"line":17,"column":68},"end":{"line":22,"column":null}},"type":"if","locations":[{"start":{"line":17,"column":68},"end":{"line":22,"column":null}},{"start":{"line":22,"column":8},"end":{"line":22,"column":null}}],"line":17},"3":{"loc":{"start":{"line":17,"column":68},"end":{"line":17,"column":null}},"type":"binary-expr","locations":[{"start":{"line":17,"column":68},"end":{"line":17,"column":null}},{"start":{"line":17,"column":68},"end":{"line":17,"column":null}}],"line":17},"4":{"loc":{"start":{"line":22,"column":8},"end":{"line":24,"column":null}},"type":"if","locations":[{"start":{"line":22,"column":8},"end":{"line":24,"column":null}},{"start":{"line":24,"column":29},"end":{"line":24,"column":null}}],"line":22},"5":{"loc":{"start":{"line":24,"column":29},"end":{"line":25,"column":null}},"type":"if","locations":[{"start":{"line":24,"column":29},"end":{"line":25,"column":null}},{"start":{"line":25,"column":7},"end":{"line":25,"column":null}}],"line":24},"6":{"loc":{"start":{"line":24,"column":29},"end":{"line":24,"column":null}},"type":"binary-expr","locations":[{"start":{"line":24,"column":29},"end":{"line":24,"column":null}},{"start":{"line":24,"column":29},"end":{"line":24,"column":null}},{"start":{"line":24,"column":29},"end":{"line":24,"column":null}}],"line":24}},"s":{"0":1,"1":1,"2":1,"3":1,"4":1,"5":0,"6":1,"7":1,"8":0,"9":1,"10":1,"11":0,"12":1,"13":1,"14":0,"15":1,"16":1,"17":0,"18":1},"f":{"0":1},"b":{"0":[1,0],"1":[1,0],"2":[1,0],"3":[1,0],"4":[1,0],"5":[1,0],"6":[1,0,0]},"meta":{"lastBranch":7,"lastFunction":1,"lastStatement":19,"seen":{"s:8:13:25:Infinity":0,"f:8:13:8:23":0,"s:8:23:8:Infinity":1,"s:9:67:9:75":2,"b:9:77:15:Infinity:15:8:15:Infinity":0,"s:9:77:15:Infinity":3,"s:12:6:14:Infinity":4,"s:15:8:15:Infinity":5,"b:15:8:17:Infinity:17:68:17:Infinity":1,"s:15:8:17:Infinity":6,"s:17:6:17:68":7,"s:17:68:17:Infinity":8,"b:17:68:22:Infinity:22:8:22:Infinity":2,"s:17:68:22:Infinity":9,"b:17:68:17:Infinity:17:68:17:Infinity":3,"s:19:6:21:Infinity":10,"s:22:8:22:Infinity":11,"b:22:8:24:Infinity:24:29:24:Infinity":4,"s:22:8:24:Infinity":12,"s:24:6:24:29":13,"s:24:29:24:Infinity":14,"b:24:29:25:Infinity:25:7:25:Infinity":5,"s:24:29:25:Infinity":15,"b:24:29:24:Infinity:24:29:24:Infinity:24:29:24:Infinity":6,"s:11:4:24:Infinity":16,"s:25:7:25:Infinity":17,"s:25:7:11:Infinity":18},"fnNames":{}}}
,"/Users/joelbello/learn/react/03-gifs-app/src/counter/components/MyCounterApp.tsx": {"path":"/Users/joelbello/learn/react/03-gifs-app/src/counter/components/MyCounterApp.tsx","statementMap":{"0":{"start":{"line":3,"column":13},"end":{"line":20,"column":null}},"1":{"start":{"line":3,"column":28},"end":{"line":3,"column":null}},"2":{"start":{"line":9,"column":6},"end":{"line":9,"column":20}},"3":{"start":{"line":9,"column":20},"end":{"line":12,"column":null}},"4":{"start":{"line":12,"column":13},"end":{"line":12,"column":79}},"5":{"start":{"line":12,"column":79},"end":{"line":12,"column":null}},"6":{"start":{"line":12,"column":79},"end":{"line":14,"column":null}},"7":{"start":{"line":14,"column":6},"end":{"line":14,"column":null}},"8":{"start":{"line":14,"column":33},"end":{"line":14,"column":null}},"9":{"start":{"line":14,"column":33},"end":{"line":15,"column":null}},"10":{"start":{"line":15,"column":18},"end":{"line":15,"column":50}},"11":{"start":{"line":15,"column":50},"end":{"line":15,"column":null}},"12":{"start":{"line":15,"column":50},"end":{"line":16,"column":null}},"13":{"start":{"line":16,"column":8},"end":{"line":16,"column":null}},"14":{"start":{"line":16,"column":47},"end":{"line":16,"column":null}},"15":{"start":{"line":16,"column":47},"end":{"line":17,"column":null}},"16":{"start":{"line":17,"column":8},"end":{"line":17,"column":null}},"17":{"start":{"line":17,"column":52},"end":{"line":17,"column":null}},"18":{"start":{"line":17,"column":52},"end":{"line":18,"column":null}},"19":{"start":{"line":18,"column":8},"end":{"line":18,"column":null}},"20":{"start":{"line":18,"column":52},"end":{"line":18,"column":null}},"21":{"start":{"line":18,"column":52},"end":{"line":19,"column":null}},"22":{"start":{"line":15,"column":6},"end":{"line":19,"column":null}},"23":{"start":{"line":19,"column":12},"end":{"line":19,"column":null}},"24":{"start":{"line":19,"column":12},"end":{"line":20,"column":null}},"25":{"start":{"line":11,"column":4},"end":{"line":20,"column":null}},"26":{"start":{"line":20,"column":10},"end":{"line":20,"column":null}},"27":{"start":{"line":20,"column":10},"end":{"line":11,"column":null}}},"fnMap":{"0":{"name":"(anonymous_0)","decl":{"start":{"line":3,"column":13},"end":{"line":3,"column":28}},"loc":{"start":{"line":3,"column":28},"end":{"line":20,"column":null}},"line":3}},"branchMap":{"0":{"loc":{"start":{"line":9,"column":20},"end":{"line":12,"column":null}},"type":"if","locations":[{"start":{"line":9,"column":20},"end":{"line":12,"column":null}},{"start":{"line":12,"column":79},"end":{"line":12,"column":null}}],"line":9},"1":{"loc":{"start":{"line":12,"column":79},"end":{"line":14,"column":null}},"type":"if","locations":[{"start":{"line":12,"column":79},"end":{"line":14,"column":null}},{"start":{"line":14,"column":33},"end":{"line":14,"column":null}}],"line":12},"2":{"loc":{"start":{"line":14,"column":33},"end":{"line":15,"column":null}},"type":"if","locations":[{"start":{"line":14,"column":33},"end":{"line":15,"column":null}},{"start":{"line":15,"column":50},"end":{"line":15,"column":null}}],"line":14},"3":{"loc":{"start":{"line":15,"column":50},"end":{"line":16,"column":null}},"type":"if","locations":[{"start":{"line":15,"column":50},"end":{"line":16,"column":null}},{"start":{"line":16,"column":47},"end":{"line":16,"column":null}}],"line":15},"4":{"loc":{"start":{"line":16,"column":47},"end":{"line":17,"column":null}},"type":"if","locations":[{"start":{"line":16,"column":47},"end":{"line":17,"column":null}},{"start":{"line":17,"column":52},"end":{"line":17,"column":null}}],"line":16},"5":{"loc":{"start":{"line":17,"column":52},"end":{"line":18,"column":null}},"type":"if","locations":[{"start":{"line":17,"column":52},"end":{"line":18,"column":null}},{"start":{"line":18,"column":52},"end":{"line":18,"column":null}}],"line":17},"6":{"loc":{"start":{"line":18,"column":52},"end":{"line":19,"column":null}},"type":"if","locations":[{"start":{"line":18,"column":52},"end":{"line":19,"column":null}},{"start":{"line":19,"column":12},"end":{"line":19,"column":null}}],"line":18},"7":{"loc":{"start":{"line":18,"column":52},"end":{"line":18,"column":null}},"type":"binary-expr","locations":[{"start":{"line":18,"column":52},"end":{"line":18,"column":null}},{"start":{"line":18,"column":52},"end":{"line":18,"column":null}},{"start":{"line":18,"column":52},"end":{"line":18,"column":null}}],"line":18},"8":{"loc":{"start":{"line":19,"column":12},"end":{"line":20,"column":null}},"type":"if","locations":[{"start":{"line":19,"column":12},"end":{"line":20,"column":null}},{"start":{"line":20,"column":10},"end":{"line":20,"column":null}}],"line":19},"9":{"loc":{"start":{"line":19,"column":12},"end":{"line":19,"column":null}},"type":"binary-expr","locations":[{"start":{"line":19,"column":12},"end":{"line":19,"column":null}},{"start":{"line":19,"column":12},"end":{"line":19,"column":null}}],"line":19}},"s":{"0":2,"1":10,"2":10,"3":10,"4":6,"5":4,"6":10,"7":10,"8":0,"9":10,"10":6,"11":4,"12":10,"13":6,"14":4,"15":10,"16":6,"17":4,"18":10,"19":6,"20":4,"21":10,"22":6,"23":4,"24":10,"25":10,"26":0,"27":10},"f":{"0":10},"b":{"0":[6,4],"1":[10,0],"2":[6,4],"3":[6,4],"4":[6,4],"5":[6,4],"6":[6,4],"7":[10,4,4],"8":[10,0],"9":[10,0]},"meta":{"lastBranch":10,"lastFunction":1,"lastStatement":28,"seen":{"s:3:13:20:Infinity":0,"f:3:13:3:28":0,"s:3:28:3:Infinity":1,"s:9:6:9:20":2,"b:9:20:12:Infinity:12:79:12:Infinity":0,"s:9:20:12:Infinity":3,"s:12:13:12:79":4,"s:12:79:12:Infinity":5,"b:12:79:14:Infinity:14:33:14:Infinity":1,"s:12:79:14:Infinity":6,"s:14:6:14:Infinity":7,"s:14:33:14:Infinity":8,"b:14:33:15:Infinity:15:50:15:Infinity":2,"s:14:33:15:Infinity":9,"s:15:18:15:50":10,"s:15:50:15:Infinity":11,"b:15:50:16:Infinity:16:47:16:Infinity":3,"s:15:50:16:Infinity":12,"s:16:8:16:Infinity":13,"s:16:47:16:Infinity":14,"b:16:47:17:Infinity:17:52:17:Infinity":4,"s:16:47:17:Infinity":15,"s:17:8:17:Infinity":16,"s:17:52:17:Infinity":17,"b:17:52:18:Infinity:18:52:18:Infinity":5,"s:17:52:18:Infinity":18,"s:18:8:18:Infinity":19,"s:18:52:18:Infinity":20,"b:18:52:19:Infinity:19:12:19:Infinity":6,"s:18:52:19:Infinity":21,"b:18:52:18:Infinity:18:52:18:Infinity:18:52:18:Infinity":7,"s:15:6:19:Infinity":22,"s:19:12:19:Infinity":23,"b:19:12:20:Infinity:20:10:20:Infinity":8,"s:19:12:20:Infinity":24,"b:19:12:19:Infinity:19:12:19:Infinity":9,"s:11:4:20:Infinity":25,"s:20:10:20:Infinity":26,"s:20:10:11:Infinity":27},"fnNames":{}}}
,"/Users/joelbello/learn/react/03-gifs-app/src/counter/hooks/useCounter.tsx": {"path":"/Users/joelbello/learn/react/03-gifs-app/src/counter/hooks/useCounter.tsx","statementMap":{"0":{"start":{"line":3,"column":13},"end":{"line":25,"column":null}},"1":{"start":{"line":3,"column":26},"end":{"line":3,"column":27}},"2":{"start":{"line":3,"column":27},"end":{"line":3,"column":null}},"3":{"start":{"line":4,"column":32},"end":{"line":4,"column":55}},"4":{"start":{"line":4,"column":55},"end":{"line":8,"column":4}},"5":{"start":{"line":6,"column":20},"end":{"line":7,"column":null}},"6":{"start":{"line":7,"column":4},"end":{"line":7,"column":44}},"7":{"start":{"line":8,"column":3},"end":{"line":8,"column":4}},"8":{"start":{"line":6,"column":20},"end":{"line":6,"column":null}},"9":{"start":{"line":8,"column":4},"end":{"line":12,"column":4}},"10":{"start":{"line":10,"column":25},"end":{"line":11,"column":null}},"11":{"start":{"line":11,"column":4},"end":{"line":11,"column":44}},"12":{"start":{"line":12,"column":3},"end":{"line":12,"column":4}},"13":{"start":{"line":10,"column":25},"end":{"line":10,"column":null}},"14":{"start":{"line":12,"column":4},"end":{"line":16,"column":4}},"15":{"start":{"line":14,"column":22},"end":{"line":15,"column":null}},"16":{"start":{"line":15,"column":4},"end":{"line":15,"column":28}},"17":{"start":{"line":16,"column":3},"end":{"line":16,"column":4}},"18":{"start":{"line":14,"column":22},"end":{"line":14,"column":null}},"19":{"start":{"line":16,"column":4},"end":{"line":25,"column":null}},"20":{"start":{"line":18,"column":9},"end":{"line":25,"column":3}},"21":{"start":{"line":25,"column":3},"end":{"line":25,"column":null}},"22":{"start":{"line":25,"column":3},"end":{"line":18,"column":null}},"23":{"start":{"line":3,"column":26},"end":{"line":7,"column":43}},"24":{"start":{"line":3,"column":26},"end":{"line":11,"column":43}}},"fnMap":{"0":{"name":"(anonymous_0)","decl":{"start":{"line":3,"column":13},"end":{"line":3,"column":26}},"loc":{"start":{"line":3,"column":26},"end":{"line":25,"column":null}},"line":3},"1":{"name":"(anonymous_1)","decl":{"start":{"line":6,"column":20},"end":{"line":6,"column":null}},"loc":{"start":{"line":6,"column":20},"end":{"line":7,"column":null}},"line":6},"2":{"name":"(anonymous_2)","decl":{"start":{"line":10,"column":25},"end":{"line":10,"column":null}},"loc":{"start":{"line":10,"column":25},"end":{"line":11,"column":null}},"line":10},"3":{"name":"(anonymous_3)","decl":{"start":{"line":14,"column":22},"end":{"line":14,"column":null}},"loc":{"start":{"line":14,"column":22},"end":{"line":15,"column":null}},"line":14},"4":{"name":"_temp","decl":{"start":{"line":3,"column":26},"end":{"line":3,"column":27}},"loc":{"start":{"line":3,"column":26},"end":{"line":7,"column":44}},"line":3}},"branchMap":{"0":{"loc":{"start":{"line":3,"column":27},"end":{"line":3,"column":null}},"type":"cond-expr","locations":[{"start":{"line":3,"column":27},"end":{"line":3,"column":null}},{"start":{"line":3,"column":27},"end":{"line":3,"column":null}}],"line":3},"1":{"loc":{"start":{"line":4,"column":55},"end":{"line":8,"column":4}},"type":"if","locations":[{"start":{"line":4,"column":55},"end":{"line":8,"column":4}},{"start":{"line":8,"column":3},"end":{"line":8,"column":4}}],"line":4},"2":{"loc":{"start":{"line":8,"column":4},"end":{"line":12,"column":4}},"type":"if","locations":[{"start":{"line":8,"column":4},"end":{"line":12,"column":4}},{"start":{"line":12,"column":3},"end":{"line":12,"column":4}}],"line":8},"3":{"loc":{"start":{"line":12,"column":4},"end":{"line":16,"column":4}},"type":"if","locations":[{"start":{"line":12,"column":4},"end":{"line":16,"column":4}},{"start":{"line":16,"column":3},"end":{"line":16,"column":4}}],"line":12},"4":{"loc":{"start":{"line":16,"column":4},"end":{"line":25,"column":null}},"type":"if","locations":[{"start":{"line":16,"column":4},"end":{"line":25,"column":null}},{"start":{"line":25,"column":3},"end":{"line":25,"column":null}}],"line":16},"5":{"loc":{"start":{"line":16,"column":4},"end":{"line":16,"column":null}},"type":"binary-expr","locations":[{"start":{"line":16,"column":4},"end":{"line":16,"column":null}},{"start":{"line":16,"column":4},"end":{"line":16,"column":null}}],"line":16}},"s":{"0":2,"1":17,"2":17,"3":17,"4":17,"5":9,"6":4,"7":8,"8":17,"9":17,"10":9,"11":2,"12":8,"13":17,"14":17,"15":9,"16":2,"17":8,"18":17,"19":17,"20":17,"21":0,"22":17,"23":4,"24":2},"f":{"0":17,"1":4,"2":2,"3":2,"4":6},"b":{"0":[0,17],"1":[9,8],"2":[9,8],"3":[9,8],"4":[17,0],"5":[17,0]},"meta":{"lastBranch":6,"lastFunction":5,"lastStatement":25,"seen":{"s:3:13:25:Infinity":0,"f:3:13:3:26":0,"s:3:26:3:27":1,"s:3:27:3:Infinity":2,"b:3:27:3:Infinity:3:27:3:Infinity":0,"s:4:32:4:55":3,"b:4:55:8:4:8:3:8:4":1,"s:4:55:8:4":4,"s:6:20:7:Infinity":5,"f:6:20:6:Infinity":1,"s:7:4:7:44":6,"s:8:3:8:4":7,"s:6:20:6:Infinity":8,"b:8:4:12:4:12:3:12:4":2,"s:8:4:12:4":9,"s:10:25:11:Infinity":10,"f:10:25:10:Infinity":2,"s:11:4:11:44":11,"s:12:3:12:4":12,"s:10:25:10:Infinity":13,"b:12:4:16:4:16:3:16:4":3,"s:12:4:16:4":14,"s:14:22:15:Infinity":15,"f:14:22:14:Infinity":3,"s:15:4:15:28":16,"s:16:3:16:4":17,"s:14:22:14:Infinity":18,"b:16:4:25:Infinity:25:3:25:Infinity":4,"s:16:4:25:Infinity":19,"b:16:4:16:Infinity:16:4:16:Infinity":5,"s:18:9:25:3":20,"s:25:3:25:Infinity":21,"s:25:3:18:Infinity":22,"f:3:26:3:27":4,"s:3:26:7:43":23,"s:3:26:11:43":24},"fnNames":{}}}
,"/Users/joelbello/learn/react/03-gifs-app/src/gifs/actions/get-gifs-by-query.action.ts": {"path":"/Users/joelbello/learn/react/03-gifs-app/src/gifs/actions/get-gifs-by-query.action.ts","statementMap":{"0":{"start":{"line":6,"column":30},"end":{"line":28,"column":null}},"1":{"start":{"line":7,"column":2},"end":{"line":7,"column":null}},"2":{"start":{"line":7,"column":33},"end":{"line":7,"column":null}},"3":{"start":{"line":9,"column":2},"end":{"line":27,"column":null}},"4":{"start":{"line":10,"column":21},"end":{"line":15,"column":null}},"5":{"start":{"line":17,"column":4},"end":{"line":23,"column":null}},"6":{"start":{"line":17,"column":44},"end":{"line":23,"column":6}},"7":{"start":{"line":25,"column":4},"end":{"line":25,"column":null}},"8":{"start":{"line":26,"column":4},"end":{"line":26,"column":null}}},"fnMap":{"0":{"name":"(anonymous_0)","decl":{"start":{"line":6,"column":30},"end":{"line":6,"column":37}},"loc":{"start":{"line":6,"column":71},"end":{"line":28,"column":null}},"line":6},"1":{"name":"(anonymous_1)","decl":{"start":{"line":17,"column":30},"end":{"line":17,"column":35}},"loc":{"start":{"line":17,"column":44},"end":{"line":23,"column":6}},"line":17}},"branchMap":{"0":{"loc":{"start":{"line":7,"column":2},"end":{"line":7,"column":null}},"type":"if","locations":[{"start":{"line":7,"column":2},"end":{"line":7,"column":null}},{"start":{},"end":{}}],"line":7}},"s":{"0":3,"1":6,"2":1,"3":5,"4":5,"5":4,"6":40,"7":1,"8":1},"f":{"0":6,"1":40},"b":{"0":[1,5]},"meta":{"lastBranch":1,"lastFunction":2,"lastStatement":9,"seen":{"s:6:30:28:Infinity":0,"f:6:30:6:37":0,"b:7:2:7:Infinity:undefined:undefined:undefined:undefined":0,"s:7:2:7:Infinity":1,"s:7:33:7:Infinity":2,"s:9:2:27:Infinity":3,"s:10:21:15:Infinity":4,"s:17:4:23:Infinity":5,"f:17:30:17:35":1,"s:17:44:23:6":6,"s:25:4:25:Infinity":7,"s:26:4:26:Infinity":8},"fnNames":{}}}
,"/Users/joelbello/learn/react/03-gifs-app/src/gifs/actions/gif.interface.ts": {"path":"/Users/joelbello/learn/react/03-gifs-app/src/gifs/actions/gif.interface.ts","statementMap":{},"fnMap":{},"branchMap":{},"s":{},"f":{},"b":{},"meta":{"lastBranch":0,"lastFunction":0,"lastStatement":0,"seen":{},"fnNames":{}}}
,"/Users/joelbello/learn/react/03-gifs-app/src/gifs/api/giphy.api.ts": {"path":"/Users/joelbello/learn/react/03-gifs-app/src/gifs/api/giphy.api.ts","statementMap":{"0":{"start":{"line":3,"column":24},"end":{"line":9,"column":null}}},"fnMap":{},"branchMap":{},"s":{"0":4},"f":{},"b":{},"meta":{"lastBranch":0,"lastFunction":0,"lastStatement":1,"seen":{"s:3:24:9:Infinity":0},"fnNames":{}}}
,"/Users/joelbello/learn/react/03-gifs-app/src/gifs/components/GifList.tsx": {"path":"/Users/joelbello/learn/react/03-gifs-app/src/gifs/components/GifList.tsx","statementMap":{"0":{"start":{"line":8,"column":13},"end":{"line":20,"column":null}},"1":{"start":{"line":8,"column":34},"end":{"line":8,"column":35}},"2":{"start":{"line":8,"column":35},"end":{"line":8,"column":43}},"3":{"start":{"line":8,"column":43},"end":{"line":19,"column":null}},"4":{"start":{"line":11,"column":7},"end":{"line":19,"column":8}},"5":{"start":{"line":19,"column":8},"end":{"line":19,"column":null}},"6":{"start":{"line":19,"column":8},"end":{"line":20,"column":null}},"7":{"start":{"line":10,"column":4},"end":{"line":20,"column":null}},"8":{"start":{"line":20,"column":10},"end":{"line":20,"column":null}},"9":{"start":{"line":20,"column":10},"end":{"line":10,"column":19}},"10":{"start":{"line":8,"column":34},"end":{"line":18,"column":null}}},"fnMap":{"0":{"name":"(anonymous_0)","decl":{"start":{"line":8,"column":13},"end":{"line":8,"column":34}},"loc":{"start":{"line":8,"column":34},"end":{"line":20,"column":null}},"line":8},"1":{"name":"_temp","decl":{"start":{"line":8,"column":34},"end":{"line":8,"column":35}},"loc":{"start":{"line":8,"column":34},"end":{"line":18,"column":null}},"line":8}},"branchMap":{"0":{"loc":{"start":{"line":8,"column":43},"end":{"line":19,"column":null}},"type":"if","locations":[{"start":{"line":8,"column":43},"end":{"line":19,"column":null}},{"start":{"line":19,"column":8},"end":{"line":19,"column":null}}],"line":8},"1":{"loc":{"start":{"line":19,"column":8},"end":{"line":20,"column":null}},"type":"if","locations":[{"start":{"line":19,"column":8},"end":{"line":20,"column":null}},{"start":{"line":20,"column":10},"end":{"line":20,"column":null}}],"line":19}},"s":{"0":1,"1":1,"2":1,"3":1,"4":1,"5":0,"6":1,"7":1,"8":0,"9":1,"10":0},"f":{"0":1,"1":0},"b":{"0":[1,0],"1":[1,0]},"meta":{"lastBranch":2,"lastFunction":2,"lastStatement":11,"seen":{"s:8:13:20:Infinity":0,"f:8:13:8:34":0,"s:8:34:8:35":1,"s:8:35:8:43":2,"b:8:43:19:Infinity:19:8:19:Infinity":0,"s:8:43:19:Infinity":3,"s:11:7:19:8":4,"s:19:8:19:Infinity":5,"b:19:8:20:Infinity:20:10:20:Infinity":1,"s:19:8:20:Infinity":6,"s:10:4:20:Infinity":7,"s:20:10:20:Infinity":8,"s:20:10:10:19":9,"f:8:34:8:35":1,"s:8:34:18:Infinity":10},"fnNames":{}}}
,"/Users/joelbello/learn/react/03-gifs-app/src/gifs/components/PreviousSearches.tsx": {"path":"/Users/joelbello/learn/react/03-gifs-app/src/gifs/components/PreviousSearches.tsx","statementMap":{"0":{"start":{"line":8,"column":13},"end":{"line":19,"column":null}},"1":{"start":{"line":8,"column":43},"end":{"line":8,"column":44}},"2":{"start":{"line":8,"column":44},"end":{"line":8,"column":72}},"3":{"start":{"line":8,"column":72},"end":{"line":11,"column":null}},"4":{"start":{"line":11,"column":6},"end":{"line":11,"column":null}},"5":{"start":{"line":11,"column":32},"end":{"line":11,"column":null}},"6":{"start":{"line":11,"column":32},"end":{"line":17,"column":null}},"7":{"start":{"line":11,"column":32},"end":{"line":17,"column":10}},"8":{"start":{"line":13,"column":22},"end":{"line":16,"column":null}},"9":{"start":{"line":14,"column":10},"end":{"line":16,"column":null}},"10":{"start":{"line":14,"column":29},"end":{"line":14,"column":56}},"11":{"start":{"line":17,"column":9},"end":{"line":17,"column":10}},"12":{"start":{"line":13,"column":9},"end":{"line":17,"column":10}},"13":{"start":{"line":17,"column":10},"end":{"line":17,"column":null}},"14":{"start":{"line":17,"column":10},"end":{"line":19,"column":null}},"15":{"start":{"line":10,"column":4},"end":{"line":19,"column":null}},"16":{"start":{"line":19,"column":10},"end":{"line":19,"column":null}},"17":{"start":{"line":19,"column":10},"end":{"line":10,"column":19}}},"fnMap":{"0":{"name":"(anonymous_0)","decl":{"start":{"line":8,"column":13},"end":{"line":8,"column":43}},"loc":{"start":{"line":8,"column":43},"end":{"line":19,"column":null}},"line":8},"1":{"name":"(anonymous_1)","decl":{"start":{"line":13,"column":22},"end":{"line":13,"column":null}},"loc":{"start":{"line":14,"column":10},"end":{"line":16,"column":null}},"line":14},"2":{"name":"(anonymous_2)","decl":{"start":{"line":14,"column":23},"end":{"line":14,"column":29}},"loc":{"start":{"line":14,"column":29},"end":{"line":14,"column":56}},"line":14}},"branchMap":{"0":{"loc":{"start":{"line":8,"column":72},"end":{"line":11,"column":null}},"type":"if","locations":[{"start":{"line":8,"column":72},"end":{"line":11,"column":null}},{"start":{"line":11,"column":32},"end":{"line":11,"column":null}}],"line":8},"1":{"loc":{"start":{"line":11,"column":32},"end":{"line":17,"column":null}},"type":"if","locations":[{"start":{"line":11,"column":32},"end":{"line":17,"column":null}},{"start":{"line":17,"column":10},"end":{"line":17,"column":null}}],"line":11},"2":{"loc":{"start":{"line":11,"column":32},"end":{"line":11,"column":null}},"type":"binary-expr","locations":[{"start":{"line":11,"column":32},"end":{"line":11,"column":null}},{"start":{"line":11,"column":32},"end":{"line":11,"column":null}}],"line":11},"3":{"loc":{"start":{"line":11,"column":32},"end":{"line":17,"column":10}},"type":"if","locations":[{"start":{"line":11,"column":32},"end":{"line":17,"column":10}},{"start":{"line":17,"column":9},"end":{"line":17,"column":10}}],"line":11},"4":{"loc":{"start":{"line":17,"column":10},"end":{"line":19,"column":null}},"type":"if","locations":[{"start":{"line":17,"column":10},"end":{"line":19,"column":null}},{"start":{"line":19,"column":10},"end":{"line":19,"column":null}}],"line":17}},"s":{"0":1,"1":1,"2":1,"3":1,"4":1,"5":0,"6":1,"7":1,"8":1,"9":0,"10":0,"11":0,"12":1,"13":0,"14":1,"15":1,"16":0,"17":1},"f":{"0":1,"1":0,"2":0},"b":{"0":[1,0],"1":[1,0],"2":[1,0],"3":[1,0],"4":[1,0]},"meta":{"lastBranch":5,"lastFunction":3,"lastStatement":18,"seen":{"s:8:13:19:Infinity":0,"f:8:13:8:43":0,"s:8:43:8:44":1,"s:8:44:8:72":2,"b:8:72:11:Infinity:11:32:11:Infinity":0,"s:8:72:11:Infinity":3,"s:11:6:11:Infinity":4,"s:11:32:11:Infinity":5,"b:11:32:17:Infinity:17:10:17:Infinity":1,"s:11:32:17:Infinity":6,"b:11:32:11:Infinity:11:32:11:Infinity":2,"b:11:32:17:10:17:9:17:10":3,"s:11:32:17:10":7,"s:13:22:16:Infinity":8,"f:13:22:13:Infinity":1,"s:14:10:16:Infinity":9,"f:14:23:14:29":2,"s:14:29:14:56":10,"s:17:9:17:10":11,"s:13:9:17:10":12,"s:17:10:17:Infinity":13,"b:17:10:19:Infinity:19:10:19:Infinity":4,"s:17:10:19:Infinity":14,"s:10:4:19:Infinity":15,"s:19:10:19:Infinity":16,"s:19:10:10:19":17},"fnNames":{}}}
,"/Users/joelbello/learn/react/03-gifs-app/src/gifs/hooks/useGifs.tsx": {"path":"/Users/joelbello/learn/react/03-gifs-app/src/gifs/hooks/useGifs.tsx","statementMap":{"0":{"start":{"line":8,"column":13},"end":{"line":46,"column":null}},"1":{"start":{"line":8,"column":23},"end":{"line":8,"column":null}},"2":{"start":{"line":8,"column":23},"end":{"line":9,"column":67}},"3":{"start":{"line":9,"column":63},"end":{"line":9,"column":65}},"4":{"start":{"line":9,"column":65},"end":{"line":9,"column":67}},"5":{"start":{"line":9,"column":44},"end":{"line":9,"column":67}},"6":{"start":{"line":9,"column":67},"end":{"line":10,"column":46}},"7":{"start":{"line":10,"column":42},"end":{"line":10,"column":44}},"8":{"start":{"line":10,"column":44},"end":{"line":10,"column":46}},"9":{"start":{"line":10,"column":26},"end":{"line":10,"column":46}},"10":{"start":{"line":10,"column":46},"end":{"line":12,"column":54}},"11":{"start":{"line":12,"column":50},"end":{"line":12,"column":52}},"12":{"start":{"line":12,"column":52},"end":{"line":12,"column":54}},"13":{"start":{"line":12,"column":20},"end":{"line":12,"column":54}},"14":{"start":{"line":12,"column":54},"end":{"line":26,"column":4}},"15":{"start":{"line":14,"column":23},"end":{"line":25,"column":31}},"16":{"start":{"line":14,"column":30},"end":{"line":14,"column":null}},"17":{"start":{"line":15,"column":20},"end":{"line":15,"column":null}},"18":{"start":{"line":16,"column":4},"end":{"line":16,"column":null}},"19":{"start":{"line":16,"column":27},"end":{"line":16,"column":null}},"20":{"start":{"line":18,"column":4},"end":{"line":19,"column":null}},"21":{"start":{"line":19,"column":6},"end":{"line":19,"column":64}},"22":{"start":{"line":22,"column":17},"end":{"line":22,"column":null}},"23":{"start":{"line":23,"column":4},"end":{"line":23,"column":null}},"24":{"start":{"line":25,"column":4},"end":{"line":25,"column":null}},"25":{"start":{"line":26,"column":3},"end":{"line":26,"column":4}},"26":{"start":{"line":14,"column":23},"end":{"line":14,"column":30}},"27":{"start":{"line":26,"column":4},"end":{"line":37,"column":4}},"28":{"start":{"line":28,"column":28},"end":{"line":36,"column":30}},"29":{"start":{"line":29,"column":4},"end":{"line":30,"column":null}},"30":{"start":{"line":30,"column":6},"end":{"line":30,"column":38}},"31":{"start":{"line":30,"column":38},"end":{"line":30,"column":null}},"32":{"start":{"line":34,"column":17},"end":{"line":34,"column":null}},"33":{"start":{"line":35,"column":4},"end":{"line":35,"column":null}},"34":{"start":{"line":36,"column":4},"end":{"line":36,"column":null}},"35":{"start":{"line":37,"column":3},"end":{"line":37,"column":4}},"36":{"start":{"line":28,"column":28},"end":{"line":28,"column":null}},"37":{"start":{"line":37,"column":4},"end":{"line":46,"column":null}},"38":{"start":{"line":38,"column":9},"end":{"line":46,"column":3}},"39":{"start":{"line":46,"column":3},"end":{"line":46,"column":null}},"40":{"start":{"line":46,"column":3},"end":{"line":38,"column":null}}},"fnMap":{"0":{"name":"(anonymous_0)","decl":{"start":{"line":8,"column":13},"end":{"line":8,"column":23}},"loc":{"start":{"line":8,"column":23},"end":{"line":46,"column":null}},"line":8},"1":{"name":"(anonymous_1)","decl":{"start":{"line":14,"column":23},"end":{"line":14,"column":30}},"loc":{"start":{"line":14,"column":23},"end":{"line":25,"column":31}},"line":14},"2":{"name":"(anonymous_2)","decl":{"start":{"line":28,"column":28},"end":{"line":28,"column":null}},"loc":{"start":{"line":28,"column":28},"end":{"line":36,"column":30}},"line":28}},"branchMap":{"0":{"loc":{"start":{"line":8,"column":23},"end":{"line":9,"column":67}},"type":"if","locations":[{"start":{"line":8,"column":23},"end":{"line":9,"column":67}},{"start":{"line":9,"column":65},"end":{"line":9,"column":67}}],"line":8},"1":{"loc":{"start":{"line":9,"column":67},"end":{"line":10,"column":46}},"type":"if","locations":[{"start":{"line":9,"column":67},"end":{"line":10,"column":46}},{"start":{"line":10,"column":44},"end":{"line":10,"column":46}}],"line":9},"2":{"loc":{"start":{"line":10,"column":46},"end":{"line":12,"column":54}},"type":"if","locations":[{"start":{"line":10,"column":46},"end":{"line":12,"column":54}},{"start":{"line":12,"column":52},"end":{"line":12,"column":54}}],"line":10},"3":{"loc":{"start":{"line":12,"column":54},"end":{"line":26,"column":4}},"type":"if","locations":[{"start":{"line":12,"column":54},"end":{"line":26,"column":4}},{"start":{"line":26,"column":3},"end":{"line":26,"column":4}}],"line":12},"4":{"loc":{"start":{"line":14,"column":30},"end":{"line":14,"column":null}},"type":"cond-expr","locations":[{"start":{"line":14,"column":30},"end":{"line":14,"column":null}},{"start":{"line":14,"column":30},"end":{"line":14,"column":null}}],"line":14},"5":{"loc":{"start":{"line":16,"column":4},"end":{"line":16,"column":null}},"type":"if","locations":[{"start":{"line":16,"column":4},"end":{"line":16,"column":null}},{"start":{},"end":{}}],"line":16},"6":{"loc":{"start":{"line":18,"column":4},"end":{"line":19,"column":null}},"type":"if","locations":[{"start":{"line":18,"column":4},"end":{"line":19,"column":null}},{"start":{},"end":{}}],"line":18},"7":{"loc":{"start":{"line":26,"column":4},"end":{"line":37,"column":4}},"type":"if","locations":[{"start":{"line":26,"column":4},"end":{"line":37,"column":4}},{"start":{"line":37,"column":3},"end":{"line":37,"column":4}}],"line":26},"8":{"loc":{"start":{"line":29,"column":4},"end":{"line":30,"column":null}},"type":"if","locations":[{"start":{"line":29,"column":4},"end":{"line":30,"column":null}},{"start":{},"end":{}}],"line":29},"9":{"loc":{"start":{"line":37,"column":4},"end":{"line":46,"column":null}},"type":"if","locations":[{"start":{"line":37,"column":4},"end":{"line":46,"column":null}},{"start":{"line":46,"column":3},"end":{"line":46,"column":null}}],"line":37},"10":{"loc":{"start":{"line":37,"column":4},"end":{"line":37,"column":null}},"type":"binary-expr","locations":[{"start":{"line":37,"column":4},"end":{"line":37,"column":null}},{"start":{"line":37,"column":4},"end":{"line":37,"column":null}},{"start":{"line":37,"column":4},"end":{"line":37,"column":null}}],"line":37}},"s":{"0":2,"1":19,"2":19,"3":6,"4":13,"5":19,"6":19,"7":6,"8":13,"9":19,"10":19,"11":6,"12":13,"13":19,"14":19,"15":16,"16":10,"17":10,"18":10,"19":0,"20":10,"21":10,"22":10,"23":10,"24":10,"25":3,"26":19,"27":19,"28":6,"29":3,"30":1,"31":1,"32":2,"33":2,"34":2,"35":13,"36":19,"37":19,"38":18,"39":1,"40":19},"f":{"0":19,"1":10,"2":3},"b":{"0":[6,13],"1":[6,13],"2":[6,13],"3":[16,3],"4":[0,10],"5":[0,10],"6":[10,0],"7":[6,13],"8":[1,2],"9":[18,1],"10":[19,9,1]},"meta":{"lastBranch":11,"lastFunction":3,"lastStatement":41,"seen":{"s:8:13:46:Infinity":0,"f:8:13:8:23":0,"s:8:23:8:Infinity":1,"b:8:23:9:67:9:65:9:67":0,"s:8:23:9:67":2,"s:9:63:9:65":3,"s:9:65:9:67":4,"s:9:44:9:67":5,"b:9:67:10:46:10:44:10:46":1,"s:9:67:10:46":6,"s:10:42:10:44":7,"s:10:44:10:46":8,"s:10:26:10:46":9,"b:10:46:12:54:12:52:12:54":2,"s:10:46:12:54":10,"s:12:50:12:52":11,"s:12:52:12:54":12,"s:12:20:12:54":13,"b:12:54:26:4:26:3:26:4":3,"s:12:54:26:4":14,"s:14:23:25:31":15,"f:14:23:14:30":1,"s:14:30:14:Infinity":16,"b:14:30:14:Infinity:14:30:14:Infinity":4,"s:15:20:15:Infinity":17,"b:16:4:16:Infinity:undefined:undefined:undefined:undefined":5,"s:16:4:16:Infinity":18,"s:16:27:16:Infinity":19,"b:18:4:19:Infinity:undefined:undefined:undefined:undefined":6,"s:18:4:19:Infinity":20,"s:19:6:19:64":21,"s:22:17:22:Infinity":22,"s:23:4:23:Infinity":23,"s:25:4:25:Infinity":24,"s:26:3:26:4":25,"s:14:23:14:30":26,"b:26:4:37:4:37:3:37:4":7,"s:26:4:37:4":27,"s:28:28:36:30":28,"f:28:28:28:Infinity":2,"b:29:4:30:Infinity:undefined:undefined:undefined:undefined":8,"s:29:4:30:Infinity":29,"s:30:6:30:38":30,"s:30:38:30:Infinity":31,"s:34:17:34:Infinity":32,"s:35:4:35:Infinity":33,"s:36:4:36:Infinity":34,"s:37:3:37:4":35,"s:28:28:28:Infinity":36,"b:37:4:46:Infinity:46:3:46:Infinity":9,"s:37:4:46:Infinity":37,"b:37:4:37:Infinity:37:4:37:Infinity:37:4:37:Infinity":10,"s:38:9:46:3":38,"s:46:3:46:Infinity":39,"s:46:3:38:Infinity":40},"fnNames":{}}}
,"/Users/joelbello/learn/react/03-gifs-app/src/gifs/intefaces/giphy.response.ts": {"path":"/Users/joelbello/learn/react/03-gifs-app/src/gifs/intefaces/giphy.response.ts","statementMap":{},"fnMap":{},"branchMap":{},"s":{},"f":{},"b":{},"meta":{"lastBranch":0,"lastFunction":0,"lastStatement":0,"seen":{},"fnNames":{}}}
,"/Users/joelbello/learn/react/03-gifs-app/src/shared/components/CustomHeader.tsx": {"path":"/Users/joelbello/learn/react/03-gifs-app/src/shared/components/CustomHeader.tsx","statementMap":{"0":{"start":{"line":6,"column":13},"end":{"line":11,"column":null}},"1":{"start":{"line":6,"column":28},"end":{"line":6,"column":29}},"2":{"start":{"line":6,"column":29},"end":{"line":6,"column":58}},"3":{"start":{"line":6,"column":58},"end":{"line":9,"column":null}},"4":{"start":{"line":9,"column":6},"end":{"line":9,"column":null}},"5":{"start":{"line":9,"column":22},"end":{"line":9,"column":null}},"6":{"start":{"line":9,"column":22},"end":{"line":10,"column":null}},"7":{"start":{"line":10,"column":7},"end":{"line":10,"column":null}},"8":{"start":{"line":10,"column":42},"end":{"line":10,"column":null}},"9":{"start":{"line":10,"column":42},"end":{"line":11,"column":null}},"10":{"start":{"line":8,"column":4},"end":{"line":11,"column":null}},"11":{"start":{"line":11,"column":10},"end":{"line":11,"column":null}},"12":{"start":{"line":11,"column":10},"end":{"line":8,"column":19}}},"fnMap":{"0":{"name":"(anonymous_0)","decl":{"start":{"line":6,"column":13},"end":{"line":6,"column":28}},"loc":{"start":{"line":6,"column":28},"end":{"line":11,"column":null}},"line":6}},"branchMap":{"0":{"loc":{"start":{"line":6,"column":58},"end":{"line":9,"column":null}},"type":"if","locations":[{"start":{"line":6,"column":58},"end":{"line":9,"column":null}},{"start":{"line":9,"column":22},"end":{"line":9,"column":null}}],"line":6},"1":{"loc":{"start":{"line":9,"column":22},"end":{"line":10,"column":null}},"type":"if","locations":[{"start":{"line":9,"column":22},"end":{"line":10,"column":null}},{"start":{"line":10,"column":42},"end":{"line":10,"column":null}}],"line":9},"2":{"loc":{"start":{"line":10,"column":7},"end":{"line":10,"column":null}},"type":"binary-expr","locations":[{"start":{"line":10,"column":7},"end":{"line":10,"column":22}},{"start":{"line":10,"column":22},"end":{"line":10,"column":null}}],"line":10},"3":{"loc":{"start":{"line":10,"column":42},"end":{"line":11,"column":null}},"type":"if","locations":[{"start":{"line":10,"column":42},"end":{"line":11,"column":null}},{"start":{"line":11,"column":10},"end":{"line":11,"column":null}}],"line":10},"4":{"loc":{"start":{"line":10,"column":42},"end":{"line":10,"column":null}},"type":"binary-expr","locations":[{"start":{"line":10,"column":42},"end":{"line":10,"column":null}},{"start":{"line":10,"column":42},"end":{"line":10,"column":null}}],"line":10}},"s":{"0":2,"1":4,"2":4,"3":4,"4":4,"5":0,"6":4,"7":4,"8":0,"9":4,"10":4,"11":0,"12":4},"f":{"0":4},"b":{"0":[4,0],"1":[4,0],"2":[4,2],"3":[4,0],"4":[4,0]},"meta":{"lastBranch":5,"lastFunction":1,"lastStatement":13,"seen":{"s:6:13:11:Infinity":0,"f:6:13:6:28":0,"s:6:28:6:29":1,"s:6:29:6:58":2,"b:6:58:9:Infinity:9:22:9:Infinity":0,"s:6:58:9:Infinity":3,"s:9:6:9:Infinity":4,"s:9:22:9:Infinity":5,"b:9:22:10:Infinity:10:42:10:Infinity":1,"s:9:22:10:Infinity":6,"s:10:7:10:Infinity":7,"b:10:7:10:22:10:22:10:Infinity":2,"s:10:42:10:Infinity":8,"b:10:42:11:Infinity:11:10:11:Infinity":3,"s:10:42:11:Infinity":9,"b:10:42:10:Infinity:10:42:10:Infinity":4,"s:8:4:11:Infinity":10,"s:11:10:11:Infinity":11,"s:11:10:8:19":12},"fnNames":{}}}
,"/Users/joelbello/learn/react/03-gifs-app/src/shared/components/SearchBar.tsx": {"path":"/Users/joelbello/learn/react/03-gifs-app/src/shared/components/SearchBar.tsx","statementMap":{"0":{"start":{"line":8,"column":13},"end":{"line":40,"column":null}},"1":{"start":{"line":8,"column":25},"end":{"line":8,"column":26}},"2":{"start":{"line":8,"column":26},"end":{"line":8,"column":28}},"3":{"start":{"line":8,"column":28},"end":{"line":8,"column":null}},"4":{"start":{"line":9,"column":28},"end":{"line":9,"column":41}},"5":{"start":{"line":9,"column":41},"end":{"line":19,"column":22}},"6":{"start":{"line":11,"column":12},"end":{"line":18,"column":null}},"7":{"start":{"line":12,"column":4},"end":{"line":12,"column":null}},"8":{"start":{"line":12,"column":21},"end":{"line":12,"column":null}},"9":{"start":{"line":14,"column":22},"end":{"line":16,"column":12}},"10":{"start":{"line":15,"column":6},"end":{"line":15,"column":20}},"11":{"start":{"line":16,"column":12},"end":{"line":18,"column":40}},"12":{"start":{"line":18,"column":17},"end":{"line":18,"column":40}},"13":{"start":{"line":19,"column":5},"end":{"line":19,"column":21}},"14":{"start":{"line":19,"column":21},"end":{"line":19,"column":22}},"15":{"start":{"line":11,"column":2},"end":{"line":19,"column":22}},"16":{"start":{"line":19,"column":22},"end":{"line":24,"column":4}},"17":{"start":{"line":21,"column":23},"end":{"line":23,"column":null}},"18":{"start":{"line":22,"column":4},"end":{"line":22,"column":null}},"19":{"start":{"line":23,"column":4},"end":{"line":23,"column":16}},"20":{"start":{"line":24,"column":3},"end":{"line":24,"column":4}},"21":{"start":{"line":21,"column":23},"end":{"line":21,"column":null}},"22":{"start":{"line":24,"column":4},"end":{"line":28,"column":4}},"23":{"start":{"line":26,"column":24},"end":{"line":27,"column":null}},"24":{"start":{"line":27,"column":4},"end":{"line":27,"column":45}},"25":{"start":{"line":27,"column":30},"end":{"line":27,"column":44}},"26":{"start":{"line":28,"column":3},"end":{"line":28,"column":4}},"27":{"start":{"line":26,"column":24},"end":{"line":26,"column":null}},"28":{"start":{"line":28,"column":4},"end":{"line":36,"column":null}},"29":{"start":{"line":36,"column":18},"end":{"line":36,"column":57}},"30":{"start":{"line":36,"column":29},"end":{"line":36,"column":57}},"31":{"start":{"line":36,"column":57},"end":{"line":36,"column":null}},"32":{"start":{"line":36,"column":57},"end":{"line":38,"column":null}},"33":{"start":{"line":32,"column":6},"end":{"line":37,"column":null}},"34":{"start":{"line":38,"column":8},"end":{"line":38,"column":null}},"35":{"start":{"line":38,"column":8},"end":{"line":39,"column":null}},"36":{"start":{"line":39,"column":6},"end":{"line":39,"column":null}},"37":{"start":{"line":39,"column":29},"end":{"line":39,"column":45}},"38":{"start":{"line":39,"column":60},"end":{"line":39,"column":null}},"39":{"start":{"line":39,"column":60},"end":{"line":40,"column":null}},"40":{"start":{"line":31,"column":4},"end":{"line":40,"column":null}},"41":{"start":{"line":40,"column":10},"end":{"line":40,"column":null}},"42":{"start":{"line":40,"column":10},"end":{"line":31,"column":19}}},"fnMap":{"0":{"name":"(anonymous_0)","decl":{"start":{"line":8,"column":13},"end":{"line":8,"column":25}},"loc":{"start":{"line":8,"column":25},"end":{"line":40,"column":null}},"line":8},"1":{"name":"(anonymous_1)","decl":{"start":{"line":11,"column":12},"end":{"line":11,"column":null}},"loc":{"start":{"line":11,"column":12},"end":{"line":18,"column":null}},"line":11},"2":{"name":"(anonymous_2)","decl":{"start":{"line":14,"column":22},"end":{"line":14,"column":33}},"loc":{"start":{"line":14,"column":33},"end":{"line":15,"column":null}},"line":14},"3":{"name":"(anonymous_3)","decl":{"start":{"line":16,"column":12},"end":{"line":16,"column":null}},"loc":{"start":{"line":18,"column":17},"end":{"line":18,"column":40}},"line":18},"4":{"name":"(anonymous_4)","decl":{"start":{"line":21,"column":23},"end":{"line":21,"column":null}},"loc":{"start":{"line":21,"column":23},"end":{"line":23,"column":null}},"line":21},"5":{"name":"(anonymous_5)","decl":{"start":{"line":26,"column":24},"end":{"line":26,"column":null}},"loc":{"start":{"line":26,"column":24},"end":{"line":27,"column":null}},"line":26},"6":{"name":"(anonymous_6)","decl":{"start":{"line":36,"column":18},"end":{"line":36,"column":29}},"loc":{"start":{"line":36,"column":29},"end":{"line":36,"column":57}},"line":36},"7":{"name":"(anonymous_7)","decl":{"start":{"line":39,"column":23},"end":{"line":39,"column":29}},"loc":{"start":{"line":39,"column":29},"end":{"line":39,"column":45}},"line":39}},"branchMap":{"0":{"loc":{"start":{"line":8,"column":28},"end":{"line":8,"column":null}},"type":"cond-expr","locations":[{"start":{"line":8,"column":28},"end":{"line":8,"column":null}},{"start":{"line":8,"column":28},"end":{"line":8,"column":null}}],"line":8},"1":{"loc":{"start":{"line":9,"column":41},"end":{"line":19,"column":22}},"type":"if","locations":[{"start":{"line":9,"column":41},"end":{"line":19,"column":22}},{"start":{"line":19,"column":21},"end":{"line":19,"column":22}}],"line":9},"2":{"loc":{"start":{"line":9,"column":41},"end":{"line":9,"column":null}},"type":"binary-expr","locations":[{"start":{"line":9,"column":41},"end":{"line":9,"column":null}},{"start":{"line":9,"column":41},"end":{"line":9,"column":null}}],"line":9},"3":{"loc":{"start":{"line":12,"column":4},"end":{"line":12,"column":null}},"type":"if","locations":[{"start":{"line":12,"column":4},"end":{"line":12,"column":null}},{"start":{},"end":{}}],"line":12},"4":{"loc":{"start":{"line":19,"column":22},"end":{"line":24,"column":4}},"type":"if","locations":[{"start":{"line":19,"column":22},"end":{"line":24,"column":4}},{"start":{"line":24,"column":3},"end":{"line":24,"column":4}}],"line":19},"5":{"loc":{"start":{"line":19,"column":22},"end":{"line":19,"column":null}},"type":"binary-expr","locations":[{"start":{"line":19,"column":22},"end":{"line":19,"column":null}},{"start":{"line":19,"column":22},"end":{"line":19,"column":null}}],"line":19},"6":{"loc":{"start":{"line":24,"column":4},"end":{"line":28,"column":4}},"type":"if","locations":[{"start":{"line":24,"column":4},"end":{"line":28,"column":4}},{"start":{"line":28,"column":3},"end":{"line":28,"column":4}}],"line":24},"7":{"loc":{"start":{"line":27,"column":4},"end":{"line":27,"column":45}},"type":"if","locations":[{"start":{"line":27,"column":4},"end":{"line":27,"column":45}},{"start":{},"end":{}}],"line":27},"8":{"loc":{"start":{"line":28,"column":4},"end":{"line":36,"column":null}},"type":"if","locations":[{"start":{"line":28,"column":4},"end":{"line":36,"column":null}},{"start":{"line":36,"column":57},"end":{"line":36,"column":null}}],"line":28},"9":{"loc":{"start":{"line":36,"column":57},"end":{"line":38,"column":null}},"type":"if","locations":[{"start":{"line":36,"column":57},"end":{"line":38,"column":null}},{"start":{"line":38,"column":8},"end":{"line":38,"column":null}}],"line":36},"10":{"loc":{"start":{"line":36,"column":57},"end":{"line":36,"column":null}},"type":"binary-expr","locations":[{"start":{"line":36,"column":57},"end":{"line":36,"column":null}},{"start":{"line":36,"column":57},"end":{"line":36,"column":null}},{"start":{"line":36,"column":57},"end":{"line":36,"column":null}}],"line":36},"11":{"loc":{"start":{"line":38,"column":8},"end":{"line":39,"column":null}},"type":"if","locations":[{"start":{"line":38,"column":8},"end":{"line":39,"column":null}},{"start":{"line":39,"column":60},"end":{"line":39,"column":null}}],"line":38},"12":{"loc":{"start":{"line":39,"column":60},"end":{"line":40,"column":null}},"type":"if","locations":[{"start":{"line":39,"column":60},"end":{"line":40,"column":null}},{"start":{"line":40,"column":10},"end":{"line":40,"column":null}}],"line":39},"13":{"loc":{"start":{"line":39,"column":60},"end":{"line":39,"column":null}},"type":"binary-expr","locations":[{"start":{"line":39,"column":60},"end":{"line":39,"column":null}},{"start":{"line":39,"column":60},"end":{"line":39,"column":null}}],"line":39}},"s":{"0":2,"1":13,"2":13,"3":13,"4":13,"5":13,"6":13,"7":13,"8":7,"9":6,"10":2,"11":6,"12":6,"13":13,"14":0,"15":13,"16":13,"17":13,"18":1,"19":1,"20":0,"21":13,"22":13,"23":13,"24":0,"25":0,"26":0,"27":13,"28":13,"29":6,"30":6,"31":7,"32":13,"33":13,"34":0,"35":13,"36":13,"37":1,"38":0,"39":13,"40":13,"41":0,"42":13},"f":{"0":13,"1":13,"2":2,"3":6,"4":1,"5":0,"6":6,"7":1},"b":{"0":[11,2],"1":[13,0],"2":[13,7],"3":[7,6],"4":[13,0],"5":[13,7],"6":[13,0],"7":[0,0],"8":[6,7],"9":[13,0],"10":[13,0,0],"11":[13,0],"12":[13,0],"13":[13,0]},"meta":{"lastBranch":14,"lastFunction":8,"lastStatement":43,"seen":{"s:8:13:40:Infinity":0,"f:8:13:8:25":0,"s:8:25:8:26":1,"s:8:26:8:28":2,"s:8:28:8:Infinity":3,"b:8:28:8:Infinity:8:28:8:Infinity":0,"s:9:28:9:41":4,"b:9:41:19:22:19:21:19:22":1,"s:9:41:19:22":5,"b:9:41:9:Infinity:9:41:9:Infinity":2,"s:11:12:18:Infinity":6,"f:11:12:11:Infinity":1,"b:12:4:12:Infinity:undefined:undefined:undefined:undefined":3,"s:12:4:12:Infinity":7,"s:12:21:12:Infinity":8,"s:14:22:16:12":9,"f:14:22:14:33":2,"s:15:6:15:20":10,"s:16:12:18:40":11,"f:16:12:16:Infinity":3,"s:18:17:18:40":12,"s:19:5:19:21":13,"s:19:21:19:22":14,"s:11:2:19:22":15,"b:19:22:24:4:24:3:24:4":4,"s:19:22:24:4":16,"b:19:22:19:Infinity:19:22:19:Infinity":5,"s:21:23:23:Infinity":17,"f:21:23:21:Infinity":4,"s:22:4:22:Infinity":18,"s:23:4:23:16":19,"s:24:3:24:4":20,"s:21:23:21:Infinity":21,"b:24:4:28:4:28:3:28:4":6,"s:24:4:28:4":22,"s:26:24:27:Infinity":23,"f:26:24:26:Infinity":5,"b:27:4:27:45:undefined:undefined:undefined:undefined":7,"s:27:4:27:45":24,"s:27:30:27:44":25,"s:28:3:28:4":26,"s:26:24:26:Infinity":27,"b:28:4:36:Infinity:36:57:36:Infinity":8,"s:28:4:36:Infinity":28,"s:36:18:36:57":29,"f:36:18:36:29":6,"s:36:29:36:57":30,"s:36:57:36:Infinity":31,"b:36:57:38:Infinity:38:8:38:Infinity":9,"s:36:57:38:Infinity":32,"b:36:57:36:Infinity:36:57:36:Infinity:36:57:36:Infinity":10,"s:32:6:37:Infinity":33,"s:38:8:38:Infinity":34,"b:38:8:39:Infinity:39:60:39:Infinity":11,"s:38:8:39:Infinity":35,"s:39:6:39:Infinity":36,"f:39:23:39:29":7,"s:39:29:39:45":37,"s:39:60:39:Infinity":38,"b:39:60:40:Infinity:40:10:40:Infinity":12,"s:39:60:40:Infinity":39,"b:39:60:39:Infinity:39:60:39:Infinity":13,"s:31:4:40:Infinity":40,"s:40:10:40:Infinity":41,"s:40:10:31:19":42},"fnNames":{}}}
,"/Users/joelbello/learn/react/03-gifs-app/tests/mocks/giphy.response.data.ts": {"path":"/Users/joelbello/learn/react/03-gifs-app/tests/mocks/giphy.response.data.ts","statementMap":{"0":{"start":{"line":1,"column":39},"end":{"line":2112,"column":null}}},"fnMap":{},"branchMap":{},"s":{"0":1},"f":{},"b":{},"meta":{"lastBranch":0,"lastFunction":0,"lastStatement":1,"seen":{"s:1:39:2112:Infinity":0},"fnNames":{}}}
}
